SF:lib\core\models\news_item_dto.dart
DA:25,0
DA:26,0
LF:2
LH:0
end_of_record
SF:lib\core\models\news_item_dto.g.dart
DA:9,0
DA:10,0
DA:11,0
DA:12,0
DA:13,0
DA:14,0
DA:15,0
DA:16,0
DA:17,0
DA:18,0
DA:19,0
DA:20,0
DA:21,0
DA:22,0
DA:23,0
DA:26,0
DA:27,0
DA:28,0
DA:29,0
DA:30,0
DA:31,0
DA:32,0
DA:33,0
DA:34,0
DA:35,0
DA:36,0
DA:37,0
DA:38,0
DA:39,0
DA:40,0
LF:30
LH:0
end_of_record
SF:lib\core\utils\cache.dart
DA:3,3
LF:1
LH:1
end_of_record
SF:lib\di\injection_container.dart
DA:5,3
DA:6,3
DA:8,0
DA:10,0
DA:11,1
DA:12,2
LF:6
LH:4
end_of_record
SF:lib\domain\mapper\news_dto_mapper.dart
DA:14,3
DA:16,3
LF:2
LH:2
end_of_record
SF:lib\domain\model\news_item\news_item.dart
DA:25,1
DA:26,1
LF:2
LH:2
end_of_record
SF:lib\domain\model\news_item\news_item.g.dart
DA:9,1
DA:10,1
DA:11,1
DA:12,1
DA:13,1
DA:14,1
DA:15,1
DA:16,1
DA:17,1
DA:18,1
DA:19,1
DA:20,1
DA:21,1
DA:22,2
DA:25,0
DA:26,0
DA:27,0
DA:28,0
DA:29,0
DA:30,0
DA:31,0
DA:32,0
DA:33,0
DA:34,0
DA:35,0
DA:36,0
DA:37,0
DA:38,0
LF:28
LH:14
end_of_record
SF:lib\feature\home\bloc\remote\home_remote_bloc.dart
DA:13,2
DA:14,2
DA:17,1
DA:22,3
DA:24,1
DA:25,3
DA:27,0
LF:7
LH:6
end_of_record
SF:lib\feature\home\bloc\remote\home_remote_event.dart
DA:2,1
DA:7,1
LF:2
LH:2
end_of_record
SF:lib\feature\home\bloc\remote\home_remote_state.dart
DA:8,3
DA:10,0
DA:11,0
DA:15,2
DA:19,2
DA:23,0
LF:6
LH:3
end_of_record
SF:lib\feature\home\page\home_screen.dart
DA:18,2
DA:20,1
DA:22,1
DA:23,5
DA:24,1
DA:30,1
DA:32,1
DA:33,1
DA:34,1
DA:41,1
DA:42,1
DA:52,1
DA:53,1
DA:54,1
DA:55,1
DA:59,1
DA:60,0
DA:63,1
DA:64,1
DA:67,1
DA:68,2
DA:69,1
DA:70,2
DA:71,1
DA:72,1
DA:73,1
DA:74,1
DA:75,1
DA:77,1
DA:78,1
LF:30
LH:29
end_of_record
SF:lib\feature\home\widgets\news_item_widget.dart
DA:8,2
DA:10,1
DA:12,1
DA:14,1
DA:15,1
DA:23,4
DA:24,1
DA:25,1
DA:26,1
DA:27,1
DA:34,0
DA:35,0
DA:36,0
DA:37,0
DA:41,1
DA:42,3
DA:43,1
DA:44,2
DA:46,1
DA:47,1
DA:51,1
DA:52,1
DA:53,1
DA:54,4
DA:56,1
DA:57,1
DA:58,1
DA:65,1
DA:70,2
DA:71,0
DA:82,3
DA:86,1
DA:87,1
DA:88,1
DA:90,1
DA:93,1
DA:95,1
DA:96,2
DA:106,1
DA:107,1
DA:109,3
LF:41
LH:36
end_of_record
SF:lib\feature\home\wrapper\news_item_wrapper.dart
DA:7,2
LF:1
LH:1
end_of_record
SF:lib\networking\utils\util.dart
DA:6,1
DA:9,2
DA:10,1
DA:11,2
DA:12,1
DA:13,2
DA:15,1
LF:7
LH:7
end_of_record
SF:lib\core\route\app_route.dart
DA:9,0
DA:10,0
DA:11,0
LF:3
LH:0
end_of_record
SF:lib\main.dart
DA:8,0
DA:9,0
DA:10,0
DA:11,0
DA:19,0
DA:21,0
DA:23,0
DA:24,0
DA:25,0
LF:9
LH:0
end_of_record
SF:lib\core\utils\data_transfer.dart
DA:6,1
LF:1
LH:1
end_of_record
SF:lib\di\app_module.dart
DA:7,0
DA:8,0
LF:2
LH:0
end_of_record
SF:lib\networking\dio\dio_config.dart
DA:5,0
DA:10,0
DA:11,0
DA:18,0
DA:19,0
DA:21,0
DA:22,0
LF:7
LH:0
end_of_record
SF:lib\domain\repository\news_repository_impl.dart
DA:23,1
DA:25,1
DA:29,1
DA:30,1
DA:32,3
DA:33,1
DA:36,2
DA:37,2
DA:38,1
DA:40,2
DA:41,2
DA:44,1
DA:46,0
DA:47,0
DA:48,0
DA:49,0
DA:51,0
DA:54,0
DA:55,0
DA:59,0
DA:61,0
DA:63,0
DA:65,0
DA:67,0
DA:69,0
LF:25
LH:12
end_of_record
SF:lib\domain\use_cases\get_news_use_case.dart
DA:12,1
DA:14,1
DA:16,2
LF:3
LH:3
end_of_record
SF:lib\domain\use_cases\insert_news_item_use_case.dart
DA:10,0
DA:12,0
DA:13,0
LF:3
LH:0
end_of_record
SF:lib\domain\use_cases\remove_news_item_use_case.dart
DA:10,0
DA:12,0
DA:13,0
LF:3
LH:0
end_of_record
SF:lib\domain\use_cases\update_news_item_use_case.dart
DA:10,0
DA:12,0
DA:13,0
LF:3
LH:0
end_of_record
SF:lib\feature\home\bloc\local\home_local_bloc.dart
DA:15,0
DA:17,0
DA:18,0
DA:19,0
DA:20,0
DA:23,0
DA:25,0
DA:26,0
DA:29,0
DA:31,0
DA:32,0
DA:35,0
DA:37,0
DA:38,0
LF:14
LH:0
end_of_record
SF:lib\networking\service\guardian_service_impl.g.dart
DA:13,0
DA:20,0
DA:26,0
DA:31,0
DA:32,0
DA:33,0
DA:35,0
DA:36,0
DA:37,0
DA:42,0
DA:43,0
DA:48,0
DA:52,0
DA:53,0
DA:54,0
DA:55,0
DA:57,0
DA:61,0
DA:62,0
DA:63,0
DA:64,0
DA:65,0
DA:66,0
DA:68,0
LF:24
LH:0
end_of_record
SF:lib\networking\service\guardian_service_mock.dart
DA:12,1
DA:17,1
DA:19,1
DA:21,1
DA:22,1
LF:5
LH:5
end_of_record
SF:lib\storage\dao\news_dao_impl.dart
DA:15,0
DA:17,0
DA:19,0
DA:22,0
DA:24,0
DA:25,0
DA:26,0
DA:27,0
DA:28,0
DA:29,0
DA:30,0
DA:31,0
DA:32,0
DA:33,0
DA:34,0
DA:35,0
DA:36,0
DA:37,0
DA:38,0
DA:42,0
DA:43,0
DA:44,0
DA:45,0
DA:47,0
DA:48,0
DA:49,0
DA:50,0
DA:51,0
DA:52,0
DA:53,0
DA:54,0
DA:55,0
DA:56,0
DA:57,0
DA:58,0
DA:59,0
DA:60,0
DA:61,0
DA:62,0
LF:39
LH:0
end_of_record
SF:lib\storage\dao\news_dao_impl.g.dart
DA:7,0
LF:1
LH:0
end_of_record
SF:lib\storage\dao\news_dao_mock.dart
DA:10,1
DA:11,2
DA:14,0
DA:16,0
DA:18,1
DA:20,5
DA:21,1
DA:22,1
DA:23,1
DA:24,1
DA:25,1
DA:26,1
DA:27,1
DA:28,1
DA:29,1
DA:30,1
DA:31,1
DA:32,1
DA:33,1
DA:34,1
DA:38,0
DA:39,0
DA:40,0
DA:41,0
DA:43,0
DA:45,0
DA:46,0
DA:47,0
DA:48,0
DA:49,0
DA:50,0
DA:51,0
DA:52,0
DA:53,0
DA:54,0
DA:55,0
DA:56,0
DA:57,0
DA:58,0
DA:59,0
LF:40
LH:18
end_of_record
SF:lib\storage\database\app_database.g.dart
DA:11,1
DA:14,2
DA:15,1
DA:19,2
DA:20,1
DA:25,2
DA:26,1
DA:31,2
DA:32,1
DA:37,1
DA:38,2
DA:43,2
DA:44,1
DA:48,2
DA:49,1
DA:53,2
DA:54,1
DA:59,2
DA:60,1
DA:64,1
DA:68,2
DA:69,1
DA:74,2
DA:75,1
DA:80,2
DA:81,1
DA:86,2
DA:87,1
DA:89,1
DA:90,1
DA:91,1
DA:92,1
DA:93,1
DA:94,1
DA:95,1
DA:96,1
DA:97,1
DA:98,1
DA:99,1
DA:100,1
DA:101,1
DA:102,1
DA:103,1
DA:105,1
DA:106,2
DA:107,1
DA:110,1
DA:114,1
DA:115,1
DA:116,1
DA:117,4
DA:119,0
DA:121,1
DA:122,1
DA:123,3
DA:125,0
DA:127,1
DA:128,1
DA:129,3
DA:131,0
DA:133,1
DA:134,1
DA:136,2
DA:137,1
DA:139,0
DA:141,1
DA:142,1
DA:144,2
DA:145,1
DA:147,0
DA:149,1
DA:150,1
DA:151,3
DA:153,0
DA:155,1
DA:156,1
DA:157,3
DA:159,0
DA:161,1
DA:162,1
DA:163,3
DA:165,0
DA:167,1
DA:168,1
DA:169,3
DA:171,0
DA:173,1
DA:174,1
DA:175,3
DA:177,0
DA:179,1
DA:180,1
DA:182,2
DA:183,1
DA:185,0
DA:187,1
DA:188,1
DA:189,3
DA:191,0
DA:193,1
DA:194,1
DA:195,3
DA:197,0
DA:202,0
DA:204,1
DA:206,0
DA:207,1
DA:208,2
DA:209,3
DA:210,2
DA:211,3
DA:212,2
DA:213,3
DA:214,2
DA:215,3
DA:216,3
DA:217,2
DA:218,2
DA:219,3
DA:220,2
DA:221,3
DA:222,2
DA:223,3
DA:224,2
DA:225,3
DA:226,2
DA:227,3
DA:228,2
DA:229,3
DA:230,2
DA:231,3
DA:232,2
DA:233,3
DA:237,0
DA:239,0
DA:258,1
DA:272,0
DA:274,0
DA:275,0
DA:276,0
DA:277,0
DA:278,0
DA:279,0
DA:280,0
DA:281,0
DA:282,0
DA:283,0
DA:284,0
DA:285,0
DA:286,0
DA:287,0
DA:291,0
DA:292,0
DA:293,0
DA:294,0
DA:295,0
DA:296,0
DA:297,0
DA:298,0
DA:299,0
DA:300,0
DA:301,0
DA:302,0
DA:303,0
DA:304,0
DA:305,0
DA:309,0
DA:311,0
DA:312,0
DA:313,0
DA:314,0
DA:315,0
DA:316,0
DA:318,0
DA:319,0
DA:320,0
DA:321,0
DA:322,0
DA:323,0
DA:324,0
DA:325,0
DA:326,0
DA:329,0
DA:331,0
DA:332,0
DA:333,0
DA:334,0
DA:335,0
DA:336,0
DA:337,0
DA:338,0
DA:339,0
DA:340,0
DA:341,0
DA:342,0
DA:343,0
DA:344,0
DA:345,0
DA:349,0
DA:363,0
DA:364,0
DA:365,0
DA:366,0
DA:367,0
DA:368,0
DA:369,0
DA:370,0
DA:371,0
DA:372,0
DA:373,0
DA:374,0
DA:375,0
DA:376,0
DA:378,0
DA:380,0
DA:381,0
DA:382,0
DA:383,0
DA:384,0
DA:385,0
DA:386,0
DA:387,0
DA:388,0
DA:389,0
DA:390,0
DA:391,0
DA:392,0
DA:393,0
DA:394,0
DA:395,0
DA:398,0
DA:399,0
DA:400,0
DA:401,0
DA:402,0
DA:403,0
DA:404,0
DA:405,0
DA:406,0
DA:407,0
DA:408,0
DA:409,0
DA:410,0
DA:411,0
DA:412,0
DA:413,0
DA:416,0
DA:417,0
DA:418,0
DA:419,0
DA:420,0
DA:421,0
DA:422,0
DA:423,0
DA:424,0
DA:425,0
DA:426,0
DA:427,0
DA:428,0
DA:429,0
DA:447,0
DA:463,1
DA:478,1
DA:479,1
DA:480,1
DA:481,1
DA:482,1
DA:483,1
DA:484,1
DA:485,1
DA:486,1
DA:487,1
DA:488,1
DA:489,1
DA:490,1
DA:491,0
DA:507,0
DA:508,0
DA:509,0
DA:510,0
DA:511,0
DA:513,0
DA:514,0
DA:515,0
DA:516,0
DA:517,0
DA:518,0
DA:519,0
DA:520,0
DA:521,0
DA:522,0
DA:526,0
DA:541,0
DA:542,0
DA:543,0
DA:544,0
DA:545,0
DA:546,0
DA:547,0
DA:548,0
DA:549,0
DA:550,0
DA:551,0
DA:552,0
DA:553,0
DA:554,0
DA:555,0
DA:559,1
DA:561,1
DA:562,2
DA:563,4
DA:565,2
DA:566,4
DA:568,2
DA:569,4
DA:571,2
DA:572,4
DA:574,2
DA:575,4
DA:577,2
DA:578,4
DA:580,2
DA:581,4
DA:583,2
DA:584,4
DA:586,2
DA:587,4
DA:589,2
DA:590,4
DA:592,2
DA:593,4
DA:595,2
DA:596,4
DA:598,2
DA:599,4
DA:601,2
DA:602,0
DA:607,0
DA:609,0
DA:610,0
DA:611,0
DA:612,0
DA:613,0
DA:614,0
DA:615,0
DA:616,0
DA:617,0
DA:618,0
DA:619,0
DA:620,0
DA:621,0
DA:622,0
DA:623,0
DA:624,0
DA:625,0
DA:630,2
DA:631,1
DA:632,1
DA:634,0
DA:636,0
DA:637,0
DA:638,0
LF:362
LH:165
end_of_record
SF:lib\storage\database\app_database.dart
DA:16,3
DA:18,1
DA:21,1
DA:22,1
DA:23,0
DA:24,0
DA:26,0
DA:27,0
DA:28,0
DA:29,0
DA:35,1
DA:36,2
DA:37,1
DA:38,3
DA:39,1
LF:15
LH:9
end_of_record
SF:lib\domain\mapper\news_dto_mapper.auto_mappr.dart
DA:21,1
DA:23,1
DA:25,0
DA:29,1
DA:31,1
DA:32,1
DA:33,2
DA:34,0
DA:35,2
DA:36,0
DA:40,0
DA:41,0
DA:51,1
DA:53,1
DA:54,1
DA:56,0
DA:57,0
DA:58,0
DA:62,0
DA:67,0
DA:69,0
DA:70,0
DA:75,0
DA:76,0
DA:77,0
DA:86,0
DA:88,0
DA:89,0
DA:91,0
DA:92,0
DA:93,0
DA:97,0
DA:105,0
DA:108,0
DA:109,0
DA:111,0
DA:112,0
DA:113,0
DA:117,0
DA:122,0
DA:124,0
DA:125,0
DA:127,0
DA:128,0
DA:129,0
DA:133,0
DA:141,0
DA:143,0
DA:144,0
DA:146,0
DA:147,0
DA:148,0
DA:152,0
DA:157,0
DA:159,0
DA:160,0
DA:162,0
DA:163,0
DA:164,0
DA:168,0
DA:176,0
DA:178,0
DA:179,0
DA:181,0
DA:182,0
DA:183,0
DA:187,0
DA:190,1
DA:194,1
DA:195,1
DA:196,2
DA:197,0
DA:198,2
DA:199,0
DA:203,1
DA:206,0
DA:209,1
DA:212,0
DA:216,1
DA:217,1
DA:218,1
DA:219,1
DA:220,1
DA:221,1
DA:222,1
DA:223,1
DA:224,1
DA:225,1
DA:226,1
DA:227,1
DA:228,1
DA:229,1
LF:92
LH:31
end_of_record
SF:lib\domain\model\news_item_fields\news_item_fields.dart
DA:14,1
DA:15,1
LF:2
LH:2
end_of_record
SF:lib\domain\model\news_item_fields\news_item_fields.g.dart
DA:9,1
DA:10,1
DA:11,1
DA:12,1
DA:15,0
DA:17,0
DA:18,0
DA:19,0
LF:8
LH:4
end_of_record
SF:lib\feature\home\bloc\local\home_local_event.dart
DA:4,0
DA:9,0
DA:14,0
DA:19,0
LF:4
LH:0
end_of_record
SF:lib\feature\home\bloc\local\home_local_state.dart
DA:4,1
DA:6,0
DA:7,0
DA:11,1
DA:15,1
DA:19,0
LF:6
LH:3
end_of_record
SF:lib\storage\entity\news_item_entity.dart
DA:4,0
DA:5,0
DA:6,0
DA:7,0
DA:8,0
DA:9,0
DA:10,0
DA:11,0
DA:12,0
DA:13,0
DA:14,0
DA:15,0
DA:16,0
LF:13
LH:0
end_of_record
